# Logfile created on 2014-04-27 12:37:30 -0400 by logger.rb/31641
I, [2014-04-27T12:37:30.614729 #348940]  INFO -- : 0:  rack (1.5.2) from /usr/libexec/openshift/cartridges/c9-0.1/root/lib/ruby/gems/specifications/rack-1.5.2.gemspec
I, [2014-04-27T12:37:32.114777 #348940]  INFO -- : 0:  rack-protection (1.5.3) from /var/lib/stickshift/535a81d9500446d9ad000198/app-root/data/lib/ruby/gems/specifications/rack-protection-1.5.3.gemspec
I, [2014-04-27T12:37:32.117473 #348940]  INFO -- : 0:  tilt (1.4.1) from /usr/libexec/openshift/cartridges/c9-0.1/root/lib/ruby/gems/specifications/tilt-1.4.1.gemspec
I, [2014-04-27T12:37:35.139247 #348940]  INFO -- : 0:  sinatra (1.4.5) from /var/lib/stickshift/535a81d9500446d9ad000198/app-root/data/lib/ruby/gems/specifications/sinatra-1.4.5.gemspec
I, [2014-04-27T12:37:35.143549 #348940]  INFO -- : 0:  bundler (1.5.1) from /usr/libexec/openshift/cartridges/c9-0.1/root/lib/ruby/gems/specifications/bundler-1.5.1.gemspec
I, [2014-04-27T12:41:41.214388 #353758]  INFO -- : 0:  rack (1.5.2) from /usr/libexec/openshift/cartridges/c9-0.1/root/lib/ruby/gems/specifications/rack-1.5.2.gemspec
I, [2014-04-27T12:41:41.215213 #353758]  INFO -- : 0:  rack-protection (1.5.3) from /var/lib/stickshift/535a81d9500446d9ad000198/app-root/data/lib/ruby/gems/specifications/rack-protection-1.5.3.gemspec
I, [2014-04-27T12:41:41.215864 #353758]  INFO -- : 0:  tilt (1.4.1) from /usr/libexec/openshift/cartridges/c9-0.1/root/lib/ruby/gems/specifications/tilt-1.4.1.gemspec
I, [2014-04-27T12:41:41.216551 #353758]  INFO -- : 0:  sinatra (1.4.5) from /var/lib/stickshift/535a81d9500446d9ad000198/app-root/data/lib/ruby/gems/specifications/sinatra-1.4.5.gemspec
I, [2014-04-27T12:41:41.217097 #353758]  INFO -- : 0:  bundler (1.5.1) from /usr/libexec/openshift/cartridges/c9-0.1/root/lib/ruby/gems/specifications/bundler-1.5.1.gemspec
I, [2014-04-27T12:45:35.105050 #357869]  INFO -- : 0:  rack (1.5.2) from /usr/libexec/openshift/cartridges/c9-0.1/root/lib/ruby/gems/specifications/rack-1.5.2.gemspec
I, [2014-04-27T12:45:35.105961 #357869]  INFO -- : 0:  rack-protection (1.5.3) from /var/lib/stickshift/535a81d9500446d9ad000198/app-root/data/lib/ruby/gems/specifications/rack-protection-1.5.3.gemspec
I, [2014-04-27T12:45:35.106741 #357869]  INFO -- : 0:  tilt (1.4.1) from /usr/libexec/openshift/cartridges/c9-0.1/root/lib/ruby/gems/specifications/tilt-1.4.1.gemspec
I, [2014-04-27T12:45:35.107533 #357869]  INFO -- : 0:  sinatra (1.4.5) from /var/lib/stickshift/535a81d9500446d9ad000198/app-root/data/lib/ruby/gems/specifications/sinatra-1.4.5.gemspec
I, [2014-04-27T12:45:35.108077 #357869]  INFO -- : 0:  bundler (1.5.1) from /usr/libexec/openshift/cartridges/c9-0.1/root/lib/ruby/gems/specifications/bundler-1.5.1.gemspec
I, [2014-04-27T13:40:44.530582 #423325]  INFO -- : 0:  backports (3.6.0) from /var/lib/stickshift/535a81d9500446d9ad000198/app-root/data/lib/ruby/gems/specifications/backports-3.6.0.gemspec
I, [2014-04-27T13:40:46.228281 #423325]  INFO -- : 0:  multi_json (1.9.2) from /var/lib/stickshift/535a81d9500446d9ad000198/app-root/data/lib/ruby/gems/specifications/multi_json-1.9.2.gemspec
I, [2014-04-27T13:40:46.229160 #423325]  INFO -- : 0:  rack (1.5.2) from /usr/libexec/openshift/cartridges/c9-0.1/root/lib/ruby/gems/specifications/rack-1.5.2.gemspec
I, [2014-04-27T13:40:46.229838 #423325]  INFO -- : 0:  rack-protection (1.5.3) from /var/lib/stickshift/535a81d9500446d9ad000198/app-root/data/lib/ruby/gems/specifications/rack-protection-1.5.3.gemspec
I, [2014-04-27T13:40:46.230445 #423325]  INFO -- : 0:  rack-test (0.6.2) from /usr/libexec/openshift/cartridges/c9-0.1/root/lib/ruby/gems/specifications/rack-test-0.6.2.gemspec
I, [2014-04-27T13:40:46.231087 #423325]  INFO -- : 0:  tilt (1.4.1) from /usr/libexec/openshift/cartridges/c9-0.1/root/lib/ruby/gems/specifications/tilt-1.4.1.gemspec
I, [2014-04-27T13:40:46.231729 #423325]  INFO -- : 0:  sinatra (1.4.5) from /var/lib/stickshift/535a81d9500446d9ad000198/app-root/data/lib/ruby/gems/specifications/sinatra-1.4.5.gemspec
I, [2014-04-27T13:40:48.442911 #423325]  INFO -- : 0:  sinatra-contrib (1.4.2) from /var/lib/stickshift/535a81d9500446d9ad000198/app-root/data/lib/ruby/gems/specifications/sinatra-contrib-1.4.2.gemspec
I, [2014-04-27T13:40:48.504140 #423325]  INFO -- : 0:  bundler (1.5.1) from /usr/libexec/openshift/cartridges/c9-0.1/root/lib/ruby/gems/specifications/bundler-1.5.1.gemspec
